  monkc.c
c:\users\sunyuli\documents\visual studio 2015\projects\monkc4win64\monkc4win64lib\monkc.c(53): warning C4005: “LOG_COLOR_NONE”: 宏重定义
  c:\users\sunyuli\documents\visual studio 2015\projects\monkc4win64\monkc4win64lib\monkc.c(34): note: 参见“LOG_COLOR_NONE”的前一个定义
c:\users\sunyuli\documents\visual studio 2015\projects\monkc4win64\monkc4win64lib\monkc.c(54): warning C4005: “LOG_COLOR_BLACK”: 宏重定义
  c:\users\sunyuli\documents\visual studio 2015\projects\monkc4win64\monkc4win64lib\monkc.c(35): note: 参见“LOG_COLOR_BLACK”的前一个定义
c:\users\sunyuli\documents\visual studio 2015\projects\monkc4win64\monkc4win64lib\monkc.c(55): warning C4005: “LOG_COLOR_DARK_GRAY”: 宏重定义
  c:\users\sunyuli\documents\visual studio 2015\projects\monkc4win64\monkc4win64lib\monkc.c(36): note: 参见“LOG_COLOR_DARK_GRAY”的前一个定义
c:\users\sunyuli\documents\visual studio 2015\projects\monkc4win64\monkc4win64lib\monkc.c(56): warning C4005: “LOG_COLOR_BLUE”: 宏重定义
  c:\users\sunyuli\documents\visual studio 2015\projects\monkc4win64\monkc4win64lib\monkc.c(37): note: 参见“LOG_COLOR_BLUE”的前一个定义
c:\users\sunyuli\documents\visual studio 2015\projects\monkc4win64\monkc4win64lib\monkc.c(57): warning C4005: “LOG_COLOR_LIGHT_BLUE”: 宏重定义
  c:\users\sunyuli\documents\visual studio 2015\projects\monkc4win64\monkc4win64lib\monkc.c(38): note: 参见“LOG_COLOR_LIGHT_BLUE”的前一个定义
c:\users\sunyuli\documents\visual studio 2015\projects\monkc4win64\monkc4win64lib\monkc.c(58): warning C4005: “LOG_COLOR_GREEN”: 宏重定义
  c:\users\sunyuli\documents\visual studio 2015\projects\monkc4win64\monkc4win64lib\monkc.c(39): note: 参见“LOG_COLOR_GREEN”的前一个定义
c:\users\sunyuli\documents\visual studio 2015\projects\monkc4win64\monkc4win64lib\monkc.c(59): warning C4005: “LOG_COLOR_LIGHT_GREEN”: 宏重定义
  c:\users\sunyuli\documents\visual studio 2015\projects\monkc4win64\monkc4win64lib\monkc.c(40): note: 参见“LOG_COLOR_LIGHT_GREEN”的前一个定义
c:\users\sunyuli\documents\visual studio 2015\projects\monkc4win64\monkc4win64lib\monkc.c(60): warning C4005: “LOG_COLOR_CYAN”: 宏重定义
  c:\users\sunyuli\documents\visual studio 2015\projects\monkc4win64\monkc4win64lib\monkc.c(41): note: 参见“LOG_COLOR_CYAN”的前一个定义
c:\users\sunyuli\documents\visual studio 2015\projects\monkc4win64\monkc4win64lib\monkc.c(61): warning C4005: “LOG_COLOR_LIGHT_CYAN”: 宏重定义
  c:\users\sunyuli\documents\visual studio 2015\projects\monkc4win64\monkc4win64lib\monkc.c(42): note: 参见“LOG_COLOR_LIGHT_CYAN”的前一个定义
c:\users\sunyuli\documents\visual studio 2015\projects\monkc4win64\monkc4win64lib\monkc.c(62): warning C4005: “LOG_COLOR_RED”: 宏重定义
  c:\users\sunyuli\documents\visual studio 2015\projects\monkc4win64\monkc4win64lib\monkc.c(43): note: 参见“LOG_COLOR_RED”的前一个定义
c:\users\sunyuli\documents\visual studio 2015\projects\monkc4win64\monkc4win64lib\monkc.c(63): warning C4005: “LOG_COLOR_LIGHT_RED”: 宏重定义
  c:\users\sunyuli\documents\visual studio 2015\projects\monkc4win64\monkc4win64lib\monkc.c(44): note: 参见“LOG_COLOR_LIGHT_RED”的前一个定义
c:\users\sunyuli\documents\visual studio 2015\projects\monkc4win64\monkc4win64lib\monkc.c(64): warning C4005: “LOG_COLOR_PURPLE”: 宏重定义
  c:\users\sunyuli\documents\visual studio 2015\projects\monkc4win64\monkc4win64lib\monkc.c(45): note: 参见“LOG_COLOR_PURPLE”的前一个定义
c:\users\sunyuli\documents\visual studio 2015\projects\monkc4win64\monkc4win64lib\monkc.c(65): warning C4005: “LOG_COLOR_LIGHT_PURPLE”: 宏重定义
  c:\users\sunyuli\documents\visual studio 2015\projects\monkc4win64\monkc4win64lib\monkc.c(46): note: 参见“LOG_COLOR_LIGHT_PURPLE”的前一个定义
c:\users\sunyuli\documents\visual studio 2015\projects\monkc4win64\monkc4win64lib\monkc.c(66): warning C4005: “LOG_COLOR_BROWN”: 宏重定义
  c:\users\sunyuli\documents\visual studio 2015\projects\monkc4win64\monkc4win64lib\monkc.c(47): note: 参见“LOG_COLOR_BROWN”的前一个定义
c:\users\sunyuli\documents\visual studio 2015\projects\monkc4win64\monkc4win64lib\monkc.c(67): warning C4005: “LOG_COLOR_YELLOW”: 宏重定义
  c:\users\sunyuli\documents\visual studio 2015\projects\monkc4win64\monkc4win64lib\monkc.c(48): note: 参见“LOG_COLOR_YELLOW”的前一个定义
c:\users\sunyuli\documents\visual studio 2015\projects\monkc4win64\monkc4win64lib\monkc.c(68): warning C4005: “LOG_COLOR_LIGHT_GRAY”: 宏重定义
  c:\users\sunyuli\documents\visual studio 2015\projects\monkc4win64\monkc4win64lib\monkc.c(49): note: 参见“LOG_COLOR_LIGHT_GRAY”的前一个定义
c:\users\sunyuli\documents\visual studio 2015\projects\monkc4win64\monkc4win64lib\monkc.c(69): warning C4005: “LOG_COLOR_WHITE”: 宏重定义
  c:\users\sunyuli\documents\visual studio 2015\projects\monkc4win64\monkc4win64lib\monkc.c(50): note: 参见“LOG_COLOR_WHITE”的前一个定义
c:\users\sunyuli\documents\visual studio 2015\projects\monkc4win64\monkc4win64lib\monkc.c(70): warning C4005: “LOG_FMT”: 宏重定义
  c:\users\sunyuli\documents\visual studio 2015\projects\monkc4win64\monkc4win64lib\monkc.c(51): note: 参见“LOG_FMT”的前一个定义
c:\users\sunyuli\documents\visual studio 2015\projects\monkc4win64\monkc4win64lib\monkc.c(892): fatal error C1010: 在查找预编译头时遇到意外的文件结尾。是否忘记了向源中添加“#include "pch.h"”?
