c:\users\sunyuli\documents\visual studio 2015\projects\monkc4win64\monkc4win64lib\x64\debug\monkc4win64lib.pdb
c:\users\sunyuli\documents\visual studio 2015\projects\monkc4win64\monkc4win64lib\x64\debug\monkc4win64lib.idb
c:\users\sunyuli\documents\visual studio 2015\projects\monkc4win64\monkc4win64lib\x64\debug\monkc.obj
c:\users\sunyuli\documents\visual studio 2015\projects\monkc4win64\monkc4win64lib\trampoline_win64.obj
c:\users\sunyuli\documents\visual studio 2015\projects\monkc4win64\x64\debug\monkc4win64lib\monkc4win64lib.lib
c:\users\sunyuli\documents\visual studio 2015\projects\monkc4win64\x64\debug\monkc4win64lib\monkc4win64lib.pdb
c:\users\sunyuli\documents\visual studio 2015\projects\monkc4win64\monkc4win64lib\x64\debug\priconfig.xml
c:\users\sunyuli\documents\visual studio 2015\projects\monkc4win64\monkc4win64lib\x64\debug\priconfig.xml.intermediate
c:\users\sunyuli\documents\visual studio 2015\projects\monkc4win64\monkc4win64lib\x64\debug\layout.resfiles
c:\users\sunyuli\documents\visual studio 2015\projects\monkc4win64\monkc4win64lib\x64\debug\layout.resfiles.intermediate
c:\users\sunyuli\documents\visual studio 2015\projects\monkc4win64\monkc4win64lib\x64\debug\resources.resfiles
c:\users\sunyuli\documents\visual studio 2015\projects\monkc4win64\monkc4win64lib\x64\debug\resources.resfiles.intermediate
c:\users\sunyuli\documents\visual studio 2015\projects\monkc4win64\monkc4win64lib\x64\debug\pri.resfiles
c:\users\sunyuli\documents\visual studio 2015\projects\monkc4win64\monkc4win64lib\x64\debug\pri.resfiles.intermediate
c:\users\sunyuli\documents\visual studio 2015\projects\monkc4win64\x64\debug\monkc4win64lib\monkc4win64lib.pri
c:\users\sunyuli\documents\visual studio 2015\projects\monkc4win64\monkc4win64lib\x64\debug\qualifiers.txt
c:\users\sunyuli\documents\visual studio 2015\projects\monkc4win64\monkc4win64lib\x64\debug\qualifiers.txt.intermediate
c:\users\sunyuli\documents\visual studio 2015\projects\monkc4win64\monkc4win64lib\x64\debug\multiplequalifiersperdimensionfound.txt
c:\users\sunyuli\documents\visual studio 2015\projects\monkc4win64\monkc4win64lib\x64\debug\monkc4win64lib.tlog\cl.command.1.tlog
c:\users\sunyuli\documents\visual studio 2015\projects\monkc4win64\monkc4win64lib\x64\debug\monkc4win64lib.tlog\cl.read.1.tlog
c:\users\sunyuli\documents\visual studio 2015\projects\monkc4win64\monkc4win64lib\x64\debug\monkc4win64lib.tlog\cl.write.1.tlog
c:\users\sunyuli\documents\visual studio 2015\projects\monkc4win64\monkc4win64lib\x64\debug\monkc4win64lib.tlog\custombuild.command.1.tlog
c:\users\sunyuli\documents\visual studio 2015\projects\monkc4win64\monkc4win64lib\x64\debug\monkc4win64lib.tlog\custombuild.read.1.tlog
c:\users\sunyuli\documents\visual studio 2015\projects\monkc4win64\monkc4win64lib\x64\debug\monkc4win64lib.tlog\custombuild.write.1.tlog
c:\users\sunyuli\documents\visual studio 2015\projects\monkc4win64\monkc4win64lib\x64\debug\monkc4win64lib.tlog\lib-link.read.1.tlog
c:\users\sunyuli\documents\visual studio 2015\projects\monkc4win64\monkc4win64lib\x64\debug\monkc4win64lib.tlog\lib-link.write.1.tlog
c:\users\sunyuli\documents\visual studio 2015\projects\monkc4win64\monkc4win64lib\x64\debug\monkc4win64lib.tlog\lib.command.1.tlog
c:\users\sunyuli\documents\visual studio 2015\projects\monkc4win64\monkc4win64lib\x64\debug\monkc4win64lib.tlog\monkc4win64lib.read.1u.tlog
c:\users\sunyuli\documents\visual studio 2015\projects\monkc4win64\monkc4win64lib\x64\debug\monkc4win64lib.tlog\monkc4win64lib.write.1u.tlog
