c:\users\sunyuli\documents\visual studio 2015\projects\mc\mc\x64\debug\vc140.pdb
c:\users\sunyuli\documents\visual studio 2015\projects\mc\mc\x64\debug\vc140.idb
c:\users\sunyuli\documents\visual studio 2015\projects\mc\mc\x64\debug\hiwin.obj
c:\users\sunyuli\documents\visual studio 2015\projects\mc\mc\x64\debug\main.obj
c:\users\sunyuli\eclipse-workspace\mc\mc\x64\debug\vc140.pdb
c:\users\sunyuli\eclipse-workspace\mc\mc\x64\debug\vc140.idb
c:\users\sunyuli\eclipse-workspace\mc\mc\x64\debug\hiwin.obj
c:\users\sunyuli\eclipse-workspace\mc\mc\x64\debug\main.obj
c:\users\sunyuli\monkc4win64\monkc4win64\mc\mc\x64\debug\vc140.pdb
c:\users\sunyuli\monkc4win64\monkc4win64\mc\mc\x64\debug\vc140.idb
c:\users\sunyuli\monkc4win64\monkc4win64\mc\mc\x64\debug\hiwin.obj
c:\users\sunyuli\monkc4win64\monkc4win64\mc\mc\x64\debug\main.obj
c:\users\sunyuli\documents\visual studio 2015\projects\mc\x64\debug\monkc4win64.ilk
c:\users\sunyuli\documents\visual studio 2015\projects\mc\x64\debug\monkc4win64.exe
c:\users\sunyuli\documents\visual studio 2015\projects\mc\x64\debug\monkc4win64.pdb
c:\users\sunyuli\eclipse-workspace\mc\x64\debug\monkc4win64.ilk
c:\users\sunyuli\eclipse-workspace\mc\x64\debug\monkc4win64.exe
c:\users\sunyuli\eclipse-workspace\mc\x64\debug\monkc4win64.pdb
c:\users\sunyuli\monkc4win64\monkc4win64\mc\x64\debug\monkc4win64.ilk
c:\users\sunyuli\monkc4win64\monkc4win64\mc\x64\debug\monkc4win64.exe
c:\users\sunyuli\monkc4win64\monkc4win64\mc\x64\debug\monkc4win64.pdb
c:\users\sunyuli\monkc4win64\monkc4win64\mc\mc\x64\debug\monkc4win64.tlog\cl.command.1.tlog
c:\users\sunyuli\monkc4win64\monkc4win64\mc\mc\x64\debug\monkc4win64.tlog\cl.read.1.tlog
c:\users\sunyuli\monkc4win64\monkc4win64\mc\mc\x64\debug\monkc4win64.tlog\cl.write.1.tlog
c:\users\sunyuli\monkc4win64\monkc4win64\mc\mc\x64\debug\monkc4win64.tlog\link.command.1.tlog
c:\users\sunyuli\monkc4win64\monkc4win64\mc\mc\x64\debug\monkc4win64.tlog\link.read.1.tlog
c:\users\sunyuli\monkc4win64\monkc4win64\mc\mc\x64\debug\monkc4win64.tlog\link.write.1.tlog
